<?xml version="1.0" encoding="UTF-8"?>
<testsuite name="com.example.coursework_fix.Text.TextMakerTests" tests="2" skipped="0" failures="0" errors="0" timestamp="2022-12-15T11:25:47" hostname="LAPTOP-L0BM2SJ6" time="0.027">
  <properties/>
  <testcase name="testIfFunctionWritesToFile()" classname="com.example.coursework_fix.Text.TextMakerTests" time="0.024"/>
  <testcase name="testIfNull()" classname="com.example.coursework_fix.Text.TextMakerTests" time="0.002"/>
  <system-out><![CDATA[]]></system-out>
  <system-err><![CDATA[]]></system-err>
</testsuite>
